<?xml version="1.0" encoding="UTF-8"?>
<!-- Generated by org.testng.reporters.JUnitReportReporter -->
<testsuite hostname="MYDear-PC" name="com.snyder.test.smoke.TestLoginUS109" tests="1" failures="0" timestamp="21 Oct 2017 13:46:50 GMT" time="59.797" errors="0">
  <testcase name="testLoginSuccessTC119" time="59.797" classname="com.snyder.test.smoke.TestLoginUS109"/>
</testsuite> <!-- com.snyder.test.smoke.TestLoginUS109 -->
